<?xml version="1.0" encoding="UTF-8"?>
<testsuite xmlns:xsi="http://www.w3.org/2001/XMLSchema-instance" xsi:noNamespaceSchemaLocation="https://maven.apache.org/surefire/maven-surefire-plugin/xsd/surefire-test-report-3.0.xsd" version="3.0" name="dk.g4.st25.protocols.RESTTest" time="0.396" tests="3" errors="0" skipped="0" failures="0">
  <properties>
    <property name="java.specification.version" value="23"/>
    <property name="sun.jnu.encoding" value="UTF-8"/>
    <property name="java.class.path" value="/home/silas/Documents/i4-simulated-lab/Protocols/target/test-classes:/home/silas/Documents/i4-simulated-lab/Protocols/target/classes:/home/silas/.m2/repository/org/springframework/spring-web/7.0.0-M2/spring-web-7.0.0-M2.jar:/home/silas/.m2/repository/org/springframework/spring-beans/7.0.0-M2/spring-beans-7.0.0-M2.jar:/home/silas/.m2/repository/org/springframework/spring-core/7.0.0-M2/spring-core-7.0.0-M2.jar:/home/silas/.m2/repository/commons-logging/commons-logging/1.3.4/commons-logging-1.3.4.jar:/home/silas/.m2/repository/org/jspecify/jspecify/1.0.0/jspecify-1.0.0.jar:/home/silas/.m2/repository/io/micrometer/micrometer-observation/1.14.4/micrometer-observation-1.14.4.jar:/home/silas/.m2/repository/io/micrometer/micrometer-commons/1.14.4/micrometer-commons-1.14.4.jar:/home/silas/.m2/repository/io/github/cdimascio/java-dotenv/5.2.2/java-dotenv-5.2.2.jar:/home/silas/.m2/repository/org/jetbrains/kotlin/kotlin-stdlib/1.4.0/kotlin-stdlib-1.4.0.jar:/home/silas/.m2/repository/org/jetbrains/kotlin/kotlin-stdlib-common/1.4.0/kotlin-stdlib-common-1.4.0.jar:/home/silas/.m2/repository/org/jetbrains/annotations/13.0/annotations-13.0.jar:/home/silas/.m2/repository/org/junit/jupiter/junit-jupiter-api/5.12.0/junit-jupiter-api-5.12.0.jar:/home/silas/.m2/repository/org/opentest4j/opentest4j/1.3.0/opentest4j-1.3.0.jar:/home/silas/.m2/repository/org/junit/platform/junit-platform-commons/1.12.0/junit-platform-commons-1.12.0.jar:/home/silas/.m2/repository/org/apiguardian/apiguardian-api/1.1.2/apiguardian-api-1.1.2.jar:/home/silas/.m2/repository/com/google/code/gson/gson/2.8.9/gson-2.8.9.jar:"/>
    <property name="java.vm.vendor" value="Oracle Corporation"/>
    <property name="sun.arch.data.model" value="64"/>
    <property name="java.vendor.url" value="https://java.oracle.com/"/>
    <property name="os.name" value="Linux"/>
    <property name="java.vm.specification.version" value="23"/>
    <property name="sun.java.launcher" value="SUN_STANDARD"/>
    <property name="user.country" value="US"/>
    <property name="sun.boot.library.path" value="/home/silas/.jdks/openjdk-23.0.2/lib"/>
    <property name="sun.java.command" value="/home/silas/Documents/i4-simulated-lab/Protocols/target/surefire/surefirebooter-20250324131522506_3.jar /home/silas/Documents/i4-simulated-lab/Protocols/target/surefire 2025-03-24T13-15-18_531-jvmRun1 surefire-20250324131522506_1tmp surefire_0-20250324131522506_2tmp"/>
    <property name="jdk.debug" value="release"/>
    <property name="surefire.test.class.path" value="/home/silas/Documents/i4-simulated-lab/Protocols/target/test-classes:/home/silas/Documents/i4-simulated-lab/Protocols/target/classes:/home/silas/.m2/repository/org/springframework/spring-web/7.0.0-M2/spring-web-7.0.0-M2.jar:/home/silas/.m2/repository/org/springframework/spring-beans/7.0.0-M2/spring-beans-7.0.0-M2.jar:/home/silas/.m2/repository/org/springframework/spring-core/7.0.0-M2/spring-core-7.0.0-M2.jar:/home/silas/.m2/repository/commons-logging/commons-logging/1.3.4/commons-logging-1.3.4.jar:/home/silas/.m2/repository/org/jspecify/jspecify/1.0.0/jspecify-1.0.0.jar:/home/silas/.m2/repository/io/micrometer/micrometer-observation/1.14.4/micrometer-observation-1.14.4.jar:/home/silas/.m2/repository/io/micrometer/micrometer-commons/1.14.4/micrometer-commons-1.14.4.jar:/home/silas/.m2/repository/io/github/cdimascio/java-dotenv/5.2.2/java-dotenv-5.2.2.jar:/home/silas/.m2/repository/org/jetbrains/kotlin/kotlin-stdlib/1.4.0/kotlin-stdlib-1.4.0.jar:/home/silas/.m2/repository/org/jetbrains/kotlin/kotlin-stdlib-common/1.4.0/kotlin-stdlib-common-1.4.0.jar:/home/silas/.m2/repository/org/jetbrains/annotations/13.0/annotations-13.0.jar:/home/silas/.m2/repository/org/junit/jupiter/junit-jupiter-api/5.12.0/junit-jupiter-api-5.12.0.jar:/home/silas/.m2/repository/org/opentest4j/opentest4j/1.3.0/opentest4j-1.3.0.jar:/home/silas/.m2/repository/org/junit/platform/junit-platform-commons/1.12.0/junit-platform-commons-1.12.0.jar:/home/silas/.m2/repository/org/apiguardian/apiguardian-api/1.1.2/apiguardian-api-1.1.2.jar:/home/silas/.m2/repository/com/google/code/gson/gson/2.8.9/gson-2.8.9.jar:"/>
    <property name="sun.cpu.endian" value="little"/>
    <property name="user.home" value="/home/silas"/>
    <property name="user.language" value="en"/>
    <property name="java.specification.vendor" value="Oracle Corporation"/>
    <property name="java.version.date" value="2025-01-21"/>
    <property name="java.home" value="/home/silas/.jdks/openjdk-23.0.2"/>
    <property name="file.separator" value="/"/>
    <property name="basedir" value="/home/silas/Documents/i4-simulated-lab/Protocols"/>
    <property name="java.vm.compressedOopsMode" value="32-bit"/>
    <property name="line.separator" value="&#10;"/>
    <property name="java.specification.name" value="Java Platform API Specification"/>
    <property name="java.vm.specification.vendor" value="Oracle Corporation"/>
    <property name="surefire.real.class.path" value="/home/silas/Documents/i4-simulated-lab/Protocols/target/surefire/surefirebooter-20250324131522506_3.jar"/>
    <property name="sun.management.compiler" value="HotSpot 64-Bit Tiered Compilers"/>
    <property name="java.runtime.version" value="23.0.2+7-58"/>
    <property name="user.name" value="silas"/>
    <property name="stdout.encoding" value="UTF-8"/>
    <property name="path.separator" value=":"/>
    <property name="os.version" value="6.11.0-19-generic"/>
    <property name="java.runtime.name" value="OpenJDK Runtime Environment"/>
    <property name="file.encoding" value="UTF-8"/>
    <property name="java.vm.name" value="OpenJDK 64-Bit Server VM"/>
    <property name="localRepository" value="/home/silas/.m2/repository"/>
    <property name="java.vendor.url.bug" value="https://bugreport.java.com/bugreport/"/>
    <property name="java.io.tmpdir" value="/tmp"/>
    <property name="idea.version" value="2024.3.4.1"/>
    <property name="java.version" value="23.0.2"/>
    <property name="user.dir" value="/home/silas/Documents/i4-simulated-lab/Protocols"/>
    <property name="os.arch" value="amd64"/>
    <property name="java.vm.specification.name" value="Java Virtual Machine Specification"/>
    <property name="native.encoding" value="UTF-8"/>
    <property name="java.library.path" value="/usr/java/packages/lib:/usr/lib64:/lib64:/lib:/usr/lib"/>
    <property name="java.vm.info" value="mixed mode, sharing"/>
    <property name="stderr.encoding" value="UTF-8"/>
    <property name="java.vendor" value="Oracle Corporation"/>
    <property name="java.vm.version" value="23.0.2+7-58"/>
    <property name="sun.io.unicode.encoding" value="UnicodeLittle"/>
    <property name="java.class.version" value="67.0"/>
  </properties>
  <testcase name="apiUrlNotNull" classname="dk.g4.st25.protocols.RESTTest" time="0.04"/>
  <testcase name="get" classname="dk.g4.st25.protocols.RESTTest" time="0.232"/>
  <testcase name="stringToJson" classname="dk.g4.st25.protocols.RESTTest" time="0.004"/>
</testsuite>